<?xml version="1.0" encoding="UTF-8"?>
<!-- Generated by org.testng.reporters.JUnitReportReporter -->
<testsuite hostname="LAPTOP-CH4OCH9Q" failures="0" tests="1" name="testscript.TestNGAnnotations" time="0.012" errors="0" timestamp="2025-08-26T08:58:33 IST" skipped="0">
  <testcase classname="testscript.TestNGAnnotations" name="testCase" time="0.012"/>
</testsuite> <!-- testscript.TestNGAnnotations -->
