<?xml version="1.0" encoding="UTF-8"?>
<!-- Generated by org.testng.reporters.JUnitReportReporter -->
<testsuite hostname="LAPTOP-CH4OCH9Q" failures="0" tests="2" name="testscript.LoginTest" time="10.597" errors="0" timestamp="2025-08-27T09:11:47 IST" skipped="0">
  <testcase classname="testscript.LoginTest" name="verifyWhetherUserisLoggedInWithValidCredentials" time="5.893"/>
  <testcase classname="testscript.LoginTest" name="verifyWhetherUserisLoggedInWithInvalidCredentials" time="4.704"/>
</testsuite> <!-- testscript.LoginTest -->
